2025-04-19 00:15:34.973 [main] INFO  Stack_Calculator - Starting program with parameters []
2025-04-19 00:15:34.976 [main] INFO  calculator.factory.CommandFactory - Create object of factory
2025-04-19 00:15:34.977 [main] INFO  calculator.factory.CommandFactory - Loaded commands.properties successfully
2025-04-19 00:15:34.977 [main] INFO  calculator.utils.ParserLines - Create object of ParserLines
2025-04-19 00:15:34.977 [main] INFO  calculator.context.ExecutableContex - Create object of Context
2025-04-19 00:15:34.977 [main] INFO  calculator.context.Calculator - Create object of calculator
2025-04-19 00:15:34.977 [main] INFO  calculator.context.Calculator - Run calculator
2025-04-19 00:15:34.977 [main] DEBUG calculator.context.Calculator - Create reader from stdin
2025-04-19 00:15:34.978 [main] INFO  calculator.context.Calculator - Create reader
2025-04-19 00:15:37.515 [main] DEBUG calculator.context.Calculator - Read line: PUSH 10
2025-04-19 00:15:37.516 [main] DEBUG calculator.utils.ParserLines - Parsed line: command=PUSH, args=[10]
2025-04-19 00:15:37.517 [main] DEBUG calculator.utils.ParsedArgs - getCommand called
2025-04-19 00:15:37.517 [main] DEBUG calculator.utils.ParsedArgs - getArgs called
2025-04-19 00:15:37.517 [main] DEBUG calculator.context.Calculator - Execute command: PUSH, args: [10]
2025-04-19 00:15:37.518 [main] INFO  calculator.factory.CommandFactory - Create command: PUSH
2025-04-19 00:15:37.519 [main] INFO  calculator.factory.CommandFactory - Command PUSH created successfully
2025-04-19 00:15:37.519 [main] DEBUG calculator.command.PushCommand - Execute command: PushCommand, args: [10]
2025-04-19 00:15:37.519 [main] DEBUG calculator.command.PushCommand - Try to parse number: 10
2025-04-19 00:15:37.522 [main] DEBUG calculator.command.PushCommand - Number parsed, pushing value: 10.0
2025-04-19 00:15:37.522 [main] INFO  calculator.context.ExecutableContex - Pushing value to stack: 10.0
2025-04-19 00:15:43.976 [main] DEBUG calculator.context.Calculator - Read line: PUSH 90
2025-04-19 00:15:43.977 [main] DEBUG calculator.utils.ParserLines - Parsed line: command=PUSH, args=[90]
2025-04-19 00:15:43.977 [main] DEBUG calculator.utils.ParsedArgs - getCommand called
2025-04-19 00:15:43.977 [main] DEBUG calculator.utils.ParsedArgs - getArgs called
2025-04-19 00:15:43.977 [main] DEBUG calculator.context.Calculator - Execute command: PUSH, args: [90]
2025-04-19 00:15:43.977 [main] INFO  calculator.factory.CommandFactory - Create command: PUSH
2025-04-19 00:15:43.977 [main] INFO  calculator.factory.CommandFactory - Command PUSH created successfully
2025-04-19 00:15:43.977 [main] DEBUG calculator.command.PushCommand - Execute command: PushCommand, args: [90]
2025-04-19 00:15:43.977 [main] DEBUG calculator.command.PushCommand - Try to parse number: 90
2025-04-19 00:15:43.978 [main] DEBUG calculator.command.PushCommand - Number parsed, pushing value: 90.0
2025-04-19 00:15:43.978 [main] INFO  calculator.context.ExecutableContex - Pushing value to stack: 90.0
2025-04-19 00:15:46.274 [main] DEBUG calculator.context.Calculator - Read line: SQRT
2025-04-19 00:15:46.274 [main] DEBUG calculator.utils.ParserLines - Parsed line: command=SQRT, args=[]
2025-04-19 00:15:46.274 [main] DEBUG calculator.utils.ParsedArgs - getCommand called
2025-04-19 00:15:46.275 [main] DEBUG calculator.utils.ParsedArgs - getArgs called
2025-04-19 00:15:46.275 [main] DEBUG calculator.context.Calculator - Execute command: SQRT, args: []
2025-04-19 00:15:46.275 [main] INFO  calculator.factory.CommandFactory - Create command: SQRT
2025-04-19 00:15:46.276 [main] INFO  calculator.factory.CommandFactory - Command SQRT created successfully
2025-04-19 00:15:46.277 [main] DEBUG calculator.command.SqrtCommand - Executing SQRT command
2025-04-19 00:15:46.277 [main] INFO  calculator.context.ExecutableContex - Popped value from stack: 90.0
2025-04-19 00:15:46.277 [main] DEBUG calculator.command.SqrtCommand - Pushing result to stack: 9.486832980505138
2025-04-19 00:15:46.277 [main] INFO  calculator.context.ExecutableContex - Pushing value to stack: 9.486832980505138
2025-04-19 00:15:58.888 [main] DEBUG calculator.context.Calculator - Read line: PRINT
2025-04-19 00:15:58.888 [main] DEBUG calculator.utils.ParserLines - Parsed line: command=PRINT, args=[]
2025-04-19 00:15:58.888 [main] DEBUG calculator.utils.ParsedArgs - getCommand called
2025-04-19 00:15:58.888 [main] DEBUG calculator.utils.ParsedArgs - getArgs called
2025-04-19 00:15:58.888 [main] DEBUG calculator.context.Calculator - Execute command: PRINT, args: []
2025-04-19 00:15:58.889 [main] INFO  calculator.factory.CommandFactory - Create command: PRINT
2025-04-19 00:15:58.889 [main] INFO  calculator.factory.CommandFactory - Command PRINT created successfully
2025-04-19 00:15:58.889 [main] DEBUG calculator.command.PrintCommand - Executing command: PRINT
2025-04-19 00:15:58.890 [main] INFO  calculator.context.ExecutableContex - Peeked value from stack: 9.486832980505138
2025-04-19 00:15:58.890 [main] INFO  calculator.command.PrintCommand - Print value from stack: 9.486832980505138
2025-04-19 00:16:17.046 [main] DEBUG calculator.context.Calculator - Read line: EXIT
2025-04-19 00:16:17.046 [main] DEBUG calculator.utils.ParserLines - Parsed line: command=EXIT, args=[]
2025-04-19 00:16:17.047 [main] DEBUG calculator.utils.ParsedArgs - getCommand called
2025-04-19 00:16:17.047 [main] DEBUG calculator.utils.ParsedArgs - getArgs called
2025-04-19 00:16:17.047 [main] DEBUG calculator.context.Calculator - Execute command: EXIT, args: []
2025-04-19 00:16:17.047 [main] INFO  calculator.factory.CommandFactory - Create command: EXIT
2025-04-19 00:16:17.048 [main] INFO  calculator.factory.CommandFactory - Command EXIT created successfully
2025-04-19 00:16:17.048 [main] DEBUG calculator.command.ExitCommand - Executing EXIT command
2025-04-19 00:16:17.048 [main] INFO  calculator.command.ExitCommand - Terminating program by EXIT command
